<?xml version="1.0" encoding="UTF-8"?>
<!-- Generated by org.testng.reporters.JUnitReportReporter -->
<testsuite skipped="0" hostname="DESKTOP-4CV1PKL" name="testRunNer.runnerTwi" tests="2" failures="0" timestamp="2020-03-31T11:08:41 IST" time="60.229" errors="0">
  <testcase name="SIGNUPTWITTER" time="4.340" classname="testRunNer.runnerTwi"/>
  <testcase name="INFORMATIONOFTWI" time="55.889" classname="testRunNer.runnerTwi"/>
</testsuite> <!-- testRunNer.runnerTwi -->
