<?xml version="1.0" encoding="UTF-8"?>
<!-- Generated by org.testng.reporters.JUnitReportReporter -->
<testsuite skipped="0" hostname="DESKTOP-4CV1PKL" name="testRunNer.runnerInsta" tests="2" failures="0" timestamp="2020-03-31T12:58:38 IST" time="85.442" errors="0">
  <testcase name="SIGNUPINSTA" time="8.651" classname="testRunNer.runnerInsta"/>
  <testcase name="INSTAGRAM" time="76.791" classname="testRunNer.runnerInsta"/>
</testsuite> <!-- testRunNer.runnerInsta -->
